2025-10-22 17:06:47,219 - INFO - 开始获取水贝金价...
2025-10-22 17:06:47,731 - ERROR - 从金投网获取水贝金价失败: 404 Client Error: Not Found for url: https://quote.cngold.org/gold/shuibeijia.html
2025-10-22 17:06:48,261 - WARNING - Some characters could not be decoded, and were replaced with REPLACEMENT CHARACTER.
2025-10-22 17:06:49,310 - ERROR - 从新浪财经获取黄金价格失败: 403 Client Error: Forbidden for url: https://finance.sina.com.cn/money/nmetal/hjzx/
2025-10-22 17:06:49,311 - ERROR - 无法从任何数据源获取水贝金价
2025-10-22 17:09:15,302 - INFO - 开始获取水贝金价...
2025-10-22 17:09:16,158 - ERROR - 从黄金网获取水贝金价失败: 404 Client Error: Not Found for url: https://quote.cngold.org/gold/jjsj.html
2025-10-22 17:09:16,251 - WARNING - 所有真实数据源均失败，使用模拟数据
2025-10-22 17:09:16,251 - INFO - 使用模拟数据: 498.86元/克
2025-10-22 17:13:03,286 - INFO - 开始获取水贝金价...
2025-10-22 17:13:03,286 - INFO - 尝试从 Alpha Vantage黄金价格 获取数据...
2025-10-22 17:13:04,414 - INFO - 尝试从 金属价格API 获取数据...
2025-10-22 17:13:05,543 - WARNING - Some characters could not be decoded, and were replaced with REPLACEMENT CHARACTER.
2025-10-22 17:13:07,118 - ERROR - 从新浪财经获取黄金价格失败: 404 Client Error: Not Found for url: https://quote.cngold.org/gold/cngold.html
2025-10-22 17:13:07,119 - ERROR - 无法从任何数据源获取水贝金价
2025-10-22 17:15:23,174 - INFO - 开始获取水贝金价...
2025-10-22 17:15:23,174 - INFO - 开始获取真实黄金价格...
2025-10-22 17:15:23,175 - INFO - 从API成功获取水贝金价估算: 485.0元/克
2025-10-22 17:19:27,735 - INFO - 开始获取水贝金价...
2025-10-22 17:19:27,736 - INFO - 开始获取真实黄金价格...
2025-10-22 17:19:27,736 - INFO - 从API成功获取水贝金价估算: 920.0元/克
2025-10-22 17:20:19,593 - INFO - 开始获取水贝金价...
2025-10-22 17:20:19,593 - INFO - 开始获取真实黄金价格...
2025-10-22 17:20:19,752 - INFO - 从银行数据源获取价格: 942.97元/克
2025-10-22 17:20:19,752 - INFO - 从API成功获取水贝金价估算: 942.97元/克
2025-10-22 17:29:17,476 - INFO - 开始获取水贝金价...
2025-10-22 17:29:17,476 - INFO - 开始获取真实黄金价格...
2025-10-22 17:29:17,610 - INFO - 从银行数据源获取价格: 942.97元/克
2025-10-22 17:29:17,610 - INFO - 从API成功获取水贝金价估算: 942.97元/克
